<?xml version="1.0" encoding="UTF-8"?>
<testng-results skipped="0" failed="3" total="3" passed="0">
  <reporter-output>
  </reporter-output>
  <suite name="Default suite" duration-ms="16186" started-at="2017-09-04T03:32:20Z" finished-at="2017-09-04T03:32:36Z">
    <groups>
    </groups>
    <test name="Default test" duration-ms="16186" started-at="2017-09-04T03:32:20Z" finished-at="2017-09-04T03:32:36Z">
      <class name="com.wafer.wtp.base.TestAPI">
        <test-method status="PASS" signature="springTestContextBeforeTestClass()[pri:0, instance:com.wafer.wtp.base.TestAPI@4e096385]" name="springTestContextBeforeTestClass" is-config="true" duration-ms="8" started-at="2017-09-04T11:32:20Z" finished-at="2017-09-04T11:32:20Z">
          <reporter-output>
          </reporter-output>
        </test-method> <!-- springTestContextBeforeTestClass -->
        <test-method status="PASS" signature="springTestContextPrepareTestInstance()[pri:0, instance:com.wafer.wtp.base.TestAPI@4e096385]" name="springTestContextPrepareTestInstance" is-config="true" duration-ms="3081" started-at="2017-09-04T11:32:20Z" depends-on-methods="org.springframework.test.context.testng.AbstractTestNGSpringContextTests.springTestContextBeforeTestClass" finished-at="2017-09-04T11:32:23Z">
          <reporter-output>
          </reporter-output>
        </test-method> <!-- springTestContextPrepareTestInstance -->
        <test-method status="PASS" signature="setup()[pri:0, instance:com.wafer.wtp.base.TestAPI@4e096385]" name="setup" is-config="true" duration-ms="69" started-at="2017-09-04T11:32:23Z" finished-at="2017-09-04T11:32:23Z">
          <reporter-output>
          </reporter-output>
        </test-method> <!-- setup -->
        <test-method status="PASS" signature="springTestContextBeforeTestMethod(java.lang.reflect.Method)[pri:0, instance:com.wafer.wtp.base.TestAPI@4e096385]" name="springTestContextBeforeTestMethod" is-config="true" duration-ms="15" started-at="2017-09-04T11:32:23Z" finished-at="2017-09-04T11:32:23Z">
          <params>
            <param index="0">
              <value>
                <![CDATA[public void com.wafer.wtp.base.TestAPI.testAPI(java.lang.String,java.lang.String,java.lang.String,java.lang.String,java.lang.String,java.lang.String) throws com.fasterxml.jackson.core.JsonProcessingException,java.lang.Exception]]>
              </value>
            </param>
          </params>
          <reporter-output>
          </reporter-output>
        </test-method> <!-- springTestContextBeforeTestMethod -->
        <test-method status="FAIL" signature="testAPI(java.lang.String, java.lang.String, java.lang.String, java.lang.String, java.lang.String, java.lang.String)[pri:0, instance:com.wafer.wtp.base.TestAPI@4e096385]" name="testAPI" duration-ms="11145" started-at="2017-09-04T11:32:23Z" data-provider="api_data" finished-at="2017-09-04T11:32:34Z">
          <params>
            <param index="0">
              <value>
                <![CDATA[testcase1]]>
              </value>
            </param>
            <param index="1">
              <value>
                <![CDATA[/api/v1/user]]>
              </value>
            </param>
            <param index="2">
              <value>
                <![CDATA[PUT]]>
              </value>
            </param>
            <param index="3">
              <value>
                <![CDATA[{"userId":1,"userName":"www"}]]>
              </value>
            </param>
            <param index="4">
              <value is-null="true"/>
            </param>
            <param index="5">
              <value>
                <![CDATA[200]]>
              </value>
            </param>
          </params>
          <exception class="java.lang.AssertionError">
            <message>
              <![CDATA[Forwarded URL expected:<null> but was:<default>]]>
            </message>
            <full-stacktrace>
              <![CDATA[java.lang.AssertionError: Forwarded URL expected:<null> but was:<default>
	at org.springframework.test.util.AssertionErrors.fail(AssertionErrors.java:54)
	at org.springframework.test.util.AssertionErrors.assertEquals(AssertionErrors.java:81)
	at org.springframework.test.web.servlet.result.MockMvcResultMatchers$1.match(MockMvcResultMatchers.java:91)
	at org.springframework.test.web.servlet.MockMvc.applyDefaultResultActions(MockMvc.java:191)
	at org.springframework.test.web.servlet.MockMvc.perform(MockMvc.java:163)
	at com.wafer.wtp.base.TestAPI.testAPI(TestAPI.java:57)
	at sun.reflect.NativeMethodAccessorImpl.invoke0(Native Method)
	at sun.reflect.NativeMethodAccessorImpl.invoke(NativeMethodAccessorImpl.java:62)
	at sun.reflect.DelegatingMethodAccessorImpl.invoke(DelegatingMethodAccessorImpl.java:43)
	at java.lang.reflect.Method.invoke(Method.java:498)
	at org.testng.internal.MethodInvocationHelper.invokeMethod(MethodInvocationHelper.java:86)
	at org.testng.internal.MethodInvocationHelper$1.runTestMethod(MethodInvocationHelper.java:197)
	at org.springframework.test.context.testng.AbstractTestNGSpringContextTests.run(AbstractTestNGSpringContextTests.java:175)
	at org.testng.internal.MethodInvocationHelper.invokeHookable(MethodInvocationHelper.java:209)
	at org.testng.internal.Invoker.invokeMethod(Invoker.java:639)
	at org.testng.internal.Invoker.invokeTestMethod(Invoker.java:820)
	at org.testng.internal.Invoker.invokeTestMethods(Invoker.java:1128)
	at org.testng.internal.TestMethodWorker.invokeTestMethods(TestMethodWorker.java:129)
	at org.testng.internal.TestMethodWorker.run(TestMethodWorker.java:112)
	at org.testng.TestRunner.privateRun(TestRunner.java:782)
	at org.testng.TestRunner.run(TestRunner.java:632)
	at org.testng.SuiteRunner.runTest(SuiteRunner.java:366)
	at org.testng.SuiteRunner.runSequentially(SuiteRunner.java:361)
	at org.testng.SuiteRunner.privateRun(SuiteRunner.java:319)
	at org.testng.SuiteRunner.run(SuiteRunner.java:268)
	at org.testng.SuiteRunnerWorker.runSuite(SuiteRunnerWorker.java:52)
	at org.testng.SuiteRunnerWorker.run(SuiteRunnerWorker.java:86)
	at org.testng.TestNG.runSuitesSequentially(TestNG.java:1244)
	at org.testng.TestNG.runSuitesLocally(TestNG.java:1169)
	at org.testng.TestNG.run(TestNG.java:1064)
	at org.testng.remote.AbstractRemoteTestNG.run(AbstractRemoteTestNG.java:132)
	at org.testng.remote.RemoteTestNG.initAndRun(RemoteTestNG.java:230)
	at org.testng.remote.RemoteTestNG.main(RemoteTestNG.java:76)
]]>
            </full-stacktrace>
          </exception> <!-- java.lang.AssertionError -->
          <reporter-output>
          </reporter-output>
        </test-method> <!-- testAPI -->
        <test-method status="PASS" signature="springTestContextAfterTestMethod(java.lang.reflect.Method)[pri:0, instance:com.wafer.wtp.base.TestAPI@4e096385]" name="springTestContextAfterTestMethod" is-config="true" duration-ms="6" started-at="2017-09-04T11:32:34Z" finished-at="2017-09-04T11:32:34Z">
          <params>
            <param index="0">
              <value>
                <![CDATA[public void com.wafer.wtp.base.TestAPI.testAPI(java.lang.String,java.lang.String,java.lang.String,java.lang.String,java.lang.String,java.lang.String) throws com.fasterxml.jackson.core.JsonProcessingException,java.lang.Exception]]>
              </value>
            </param>
          </params>
          <reporter-output>
          </reporter-output>
        </test-method> <!-- springTestContextAfterTestMethod -->
        <test-method status="PASS" signature="springTestContextBeforeTestMethod(java.lang.reflect.Method)[pri:0, instance:com.wafer.wtp.base.TestAPI@4e096385]" name="springTestContextBeforeTestMethod" is-config="true" duration-ms="6" started-at="2017-09-04T11:32:34Z" finished-at="2017-09-04T11:32:34Z">
          <params>
            <param index="0">
              <value>
                <![CDATA[public void com.wafer.wtp.base.TestAPI.testAPI(java.lang.String,java.lang.String,java.lang.String,java.lang.String,java.lang.String,java.lang.String) throws com.fasterxml.jackson.core.JsonProcessingException,java.lang.Exception]]>
              </value>
            </param>
          </params>
          <reporter-output>
          </reporter-output>
        </test-method> <!-- springTestContextBeforeTestMethod -->
        <test-method status="FAIL" signature="testAPI(java.lang.String, java.lang.String, java.lang.String, java.lang.String, java.lang.String, java.lang.String)[pri:0, instance:com.wafer.wtp.base.TestAPI@4e096385]" name="testAPI" duration-ms="899" started-at="2017-09-04T11:32:34Z" data-provider="api_data" finished-at="2017-09-04T11:32:35Z">
          <params>
            <param index="0">
              <value>
                <![CDATA[testCase2]]>
              </value>
            </param>
            <param index="1">
              <value>
                <![CDATA[/api/v1/user]]>
              </value>
            </param>
            <param index="2">
              <value>
                <![CDATA[PUT]]>
              </value>
            </param>
            <param index="3">
              <value>
                <![CDATA[{
    "userId":1,
    "userName":"admin"
}
]]>
              </value>
            </param>
            <param index="4">
              <value>
                <![CDATA[{
    "userId":1,
    "userName":"admin"
}]]>
              </value>
            </param>
            <param index="5">
              <value>
                <![CDATA[200]]>
              </value>
            </param>
          </params>
          <exception class="java.lang.AssertionError">
            <message>
              <![CDATA[Forwarded URL expected:<null> but was:<default>]]>
            </message>
            <full-stacktrace>
              <![CDATA[java.lang.AssertionError: Forwarded URL expected:<null> but was:<default>
	at org.springframework.test.util.AssertionErrors.fail(AssertionErrors.java:54)
	at org.springframework.test.util.AssertionErrors.assertEquals(AssertionErrors.java:81)
	at org.springframework.test.web.servlet.result.MockMvcResultMatchers$1.match(MockMvcResultMatchers.java:91)
	at org.springframework.test.web.servlet.MockMvc.applyDefaultResultActions(MockMvc.java:191)
	at org.springframework.test.web.servlet.MockMvc.perform(MockMvc.java:163)
	at com.wafer.wtp.base.TestAPI.testAPI(TestAPI.java:57)
	at sun.reflect.NativeMethodAccessorImpl.invoke0(Native Method)
	at sun.reflect.NativeMethodAccessorImpl.invoke(NativeMethodAccessorImpl.java:62)
	at sun.reflect.DelegatingMethodAccessorImpl.invoke(DelegatingMethodAccessorImpl.java:43)
	at java.lang.reflect.Method.invoke(Method.java:498)
	at org.testng.internal.MethodInvocationHelper.invokeMethod(MethodInvocationHelper.java:86)
	at org.testng.internal.MethodInvocationHelper$1.runTestMethod(MethodInvocationHelper.java:197)
	at org.springframework.test.context.testng.AbstractTestNGSpringContextTests.run(AbstractTestNGSpringContextTests.java:175)
	at org.testng.internal.MethodInvocationHelper.invokeHookable(MethodInvocationHelper.java:209)
	at org.testng.internal.Invoker.invokeMethod(Invoker.java:639)
	at org.testng.internal.Invoker.invokeTestMethod(Invoker.java:820)
	at org.testng.internal.Invoker.invokeTestMethods(Invoker.java:1128)
	at org.testng.internal.TestMethodWorker.invokeTestMethods(TestMethodWorker.java:129)
	at org.testng.internal.TestMethodWorker.run(TestMethodWorker.java:112)
	at org.testng.TestRunner.privateRun(TestRunner.java:782)
	at org.testng.TestRunner.run(TestRunner.java:632)
	at org.testng.SuiteRunner.runTest(SuiteRunner.java:366)
	at org.testng.SuiteRunner.runSequentially(SuiteRunner.java:361)
	at org.testng.SuiteRunner.privateRun(SuiteRunner.java:319)
	at org.testng.SuiteRunner.run(SuiteRunner.java:268)
	at org.testng.SuiteRunnerWorker.runSuite(SuiteRunnerWorker.java:52)
	at org.testng.SuiteRunnerWorker.run(SuiteRunnerWorker.java:86)
	at org.testng.TestNG.runSuitesSequentially(TestNG.java:1244)
	at org.testng.TestNG.runSuitesLocally(TestNG.java:1169)
	at org.testng.TestNG.run(TestNG.java:1064)
	at org.testng.remote.AbstractRemoteTestNG.run(AbstractRemoteTestNG.java:132)
	at org.testng.remote.RemoteTestNG.initAndRun(RemoteTestNG.java:230)
	at org.testng.remote.RemoteTestNG.main(RemoteTestNG.java:76)
]]>
            </full-stacktrace>
          </exception> <!-- java.lang.AssertionError -->
          <reporter-output>
          </reporter-output>
        </test-method> <!-- testAPI -->
        <test-method status="PASS" signature="springTestContextAfterTestMethod(java.lang.reflect.Method)[pri:0, instance:com.wafer.wtp.base.TestAPI@4e096385]" name="springTestContextAfterTestMethod" is-config="true" duration-ms="2" started-at="2017-09-04T11:32:35Z" finished-at="2017-09-04T11:32:35Z">
          <params>
            <param index="0">
              <value>
                <![CDATA[public void com.wafer.wtp.base.TestAPI.testAPI(java.lang.String,java.lang.String,java.lang.String,java.lang.String,java.lang.String,java.lang.String) throws com.fasterxml.jackson.core.JsonProcessingException,java.lang.Exception]]>
              </value>
            </param>
          </params>
          <reporter-output>
          </reporter-output>
        </test-method> <!-- springTestContextAfterTestMethod -->
        <test-method status="PASS" signature="springTestContextBeforeTestMethod(java.lang.reflect.Method)[pri:0, instance:com.wafer.wtp.base.TestAPI@4e096385]" name="springTestContextBeforeTestMethod" is-config="true" duration-ms="22" started-at="2017-09-04T11:32:35Z" finished-at="2017-09-04T11:32:35Z">
          <params>
            <param index="0">
              <value>
                <![CDATA[public void com.wafer.wtp.base.TestAPI.testAPI(java.lang.String,java.lang.String,java.lang.String,java.lang.String,java.lang.String,java.lang.String) throws com.fasterxml.jackson.core.JsonProcessingException,java.lang.Exception]]>
              </value>
            </param>
          </params>
          <reporter-output>
          </reporter-output>
        </test-method> <!-- springTestContextBeforeTestMethod -->
        <test-method status="FAIL" signature="testAPI(java.lang.String, java.lang.String, java.lang.String, java.lang.String, java.lang.String, java.lang.String)[pri:0, instance:com.wafer.wtp.base.TestAPI@4e096385]" name="testAPI" duration-ms="828" started-at="2017-09-04T11:32:35Z" data-provider="api_data" finished-at="2017-09-04T11:32:36Z">
          <params>
            <param index="0">
              <value>
                <![CDATA[test case 1]]>
              </value>
            </param>
            <param index="1">
              <value>
                <![CDATA[/api/v1/courses]]>
              </value>
            </param>
            <param index="2">
              <value>
                <![CDATA[GET]]>
              </value>
            </param>
            <param index="3">
              <value is-null="true"/>
            </param>
            <param index="4">
              <value>
                <![CDATA[[]]]>
              </value>
            </param>
            <param index="5">
              <value>
                <![CDATA[200]]>
              </value>
            </param>
          </params>
          <exception class="java.lang.AssertionError">
            <message>
              <![CDATA[Forwarded URL expected:<null> but was:<default>]]>
            </message>
            <full-stacktrace>
              <![CDATA[java.lang.AssertionError: Forwarded URL expected:<null> but was:<default>
	at org.springframework.test.util.AssertionErrors.fail(AssertionErrors.java:54)
	at org.springframework.test.util.AssertionErrors.assertEquals(AssertionErrors.java:81)
	at org.springframework.test.web.servlet.result.MockMvcResultMatchers$1.match(MockMvcResultMatchers.java:91)
	at org.springframework.test.web.servlet.MockMvc.applyDefaultResultActions(MockMvc.java:191)
	at org.springframework.test.web.servlet.MockMvc.perform(MockMvc.java:163)
	at com.wafer.wtp.base.TestAPI.testAPI(TestAPI.java:57)
	at sun.reflect.NativeMethodAccessorImpl.invoke0(Native Method)
	at sun.reflect.NativeMethodAccessorImpl.invoke(NativeMethodAccessorImpl.java:62)
	at sun.reflect.DelegatingMethodAccessorImpl.invoke(DelegatingMethodAccessorImpl.java:43)
	at java.lang.reflect.Method.invoke(Method.java:498)
	at org.testng.internal.MethodInvocationHelper.invokeMethod(MethodInvocationHelper.java:86)
	at org.testng.internal.MethodInvocationHelper$1.runTestMethod(MethodInvocationHelper.java:197)
	at org.springframework.test.context.testng.AbstractTestNGSpringContextTests.run(AbstractTestNGSpringContextTests.java:175)
	at org.testng.internal.MethodInvocationHelper.invokeHookable(MethodInvocationHelper.java:209)
	at org.testng.internal.Invoker.invokeMethod(Invoker.java:639)
	at org.testng.internal.Invoker.invokeTestMethod(Invoker.java:820)
	at org.testng.internal.Invoker.invokeTestMethods(Invoker.java:1128)
	at org.testng.internal.TestMethodWorker.invokeTestMethods(TestMethodWorker.java:129)
	at org.testng.internal.TestMethodWorker.run(TestMethodWorker.java:112)
	at org.testng.TestRunner.privateRun(TestRunner.java:782)
	at org.testng.TestRunner.run(TestRunner.java:632)
	at org.testng.SuiteRunner.runTest(SuiteRunner.java:366)
	at org.testng.SuiteRunner.runSequentially(SuiteRunner.java:361)
	at org.testng.SuiteRunner.privateRun(SuiteRunner.java:319)
	at org.testng.SuiteRunner.run(SuiteRunner.java:268)
	at org.testng.SuiteRunnerWorker.runSuite(SuiteRunnerWorker.java:52)
	at org.testng.SuiteRunnerWorker.run(SuiteRunnerWorker.java:86)
	at org.testng.TestNG.runSuitesSequentially(TestNG.java:1244)
	at org.testng.TestNG.runSuitesLocally(TestNG.java:1169)
	at org.testng.TestNG.run(TestNG.java:1064)
	at org.testng.remote.AbstractRemoteTestNG.run(AbstractRemoteTestNG.java:132)
	at org.testng.remote.RemoteTestNG.initAndRun(RemoteTestNG.java:230)
	at org.testng.remote.RemoteTestNG.main(RemoteTestNG.java:76)
]]>
            </full-stacktrace>
          </exception> <!-- java.lang.AssertionError -->
          <reporter-output>
          </reporter-output>
        </test-method> <!-- testAPI -->
        <test-method status="PASS" signature="springTestContextAfterTestMethod(java.lang.reflect.Method)[pri:0, instance:com.wafer.wtp.base.TestAPI@4e096385]" name="springTestContextAfterTestMethod" is-config="true" duration-ms="2" started-at="2017-09-04T11:32:36Z" finished-at="2017-09-04T11:32:36Z">
          <params>
            <param index="0">
              <value>
                <![CDATA[public void com.wafer.wtp.base.TestAPI.testAPI(java.lang.String,java.lang.String,java.lang.String,java.lang.String,java.lang.String,java.lang.String) throws com.fasterxml.jackson.core.JsonProcessingException,java.lang.Exception]]>
              </value>
            </param>
          </params>
          <reporter-output>
          </reporter-output>
        </test-method> <!-- springTestContextAfterTestMethod -->
        <test-method status="PASS" signature="springTestContextAfterTestClass()[pri:0, instance:com.wafer.wtp.base.TestAPI@4e096385]" name="springTestContextAfterTestClass" is-config="true" duration-ms="0" started-at="2017-09-04T11:32:36Z" finished-at="2017-09-04T11:32:36Z">
          <reporter-output>
          </reporter-output>
        </test-method> <!-- springTestContextAfterTestClass -->
      </class> <!-- com.wafer.wtp.base.TestAPI -->
    </test> <!-- Default test -->
  </suite> <!-- Default suite -->
</testng-results>
